111.06.10 02:17 B C:\Users\pep\Documents\workspace\guiabcn\recursos\fancybox\fancy_close.png --> ftp.elazos.com /public_html/guiabcn/recursos/fancybox fancy_close.png
111.06.10 02:17 B C:\Users\pep\Documents\workspace\guiabcn\recursos\fancybox\jquery.fancybox-1.3.0.css --> ftp.elazos.com /public_html/guiabcn/recursos/fancybox jquery.fancybox-1.3.0.css
111.06.10 02:17 B C:\Users\pep\Documents\workspace\guiabcn\recursos\fancybox\jquery.fancybox-1.3.0.js --> ftp.elazos.com /public_html/guiabcn/recursos/fancybox jquery.fancybox-1.3.0.js
111.06.10 02:30 B C:\Users\pep\Documents\workspace\guiabcn\recursos\fancybox\fancy_close.png --> ftp.elazos.com /public_html/guiabcn/recursos/fancybox fancy_close.png
111.06.10 02:30 B C:\Users\pep\Documents\workspace\guiabcn\recursos\fancybox\fancy_loading.png --> ftp.elazos.com /public_html/guiabcn/recursos/fancybox fancy_loading.png
111.06.10 02:30 B C:\Users\pep\Documents\workspace\guiabcn\recursos\fancybox\fancy_nav_left.png --> ftp.elazos.com /public_html/guiabcn/recursos/fancybox fancy_nav_left.png
111.06.10 02:30 B C:\Users\pep\Documents\workspace\guiabcn\recursos\fancybox\fancy_nav_right.png --> ftp.elazos.com /public_html/guiabcn/recursos/fancybox fancy_nav_right.png
111.06.10 02:30 B C:\Users\pep\Documents\workspace\guiabcn\recursos\fancybox\fancy_shadow_e.png --> ftp.elazos.com /public_html/guiabcn/recursos/fancybox fancy_shadow_e.png
111.06.10 02:30 B C:\Users\pep\Documents\workspace\guiabcn\recursos\fancybox\fancy_shadow_n.png --> ftp.elazos.com /public_html/guiabcn/recursos/fancybox fancy_shadow_n.png
111.06.10 02:30 B C:\Users\pep\Documents\workspace\guiabcn\recursos\fancybox\fancy_shadow_ne.png --> ftp.elazos.com /public_html/guiabcn/recursos/fancybox fancy_shadow_ne.png
111.06.10 02:30 B C:\Users\pep\Documents\workspace\guiabcn\recursos\fancybox\fancy_shadow_nw.png --> ftp.elazos.com /public_html/guiabcn/recursos/fancybox fancy_shadow_nw.png
111.06.10 02:30 B C:\Users\pep\Documents\workspace\guiabcn\recursos\fancybox\fancy_shadow_s.png --> ftp.elazos.com /public_html/guiabcn/recursos/fancybox fancy_shadow_s.png
111.06.10 02:30 B C:\Users\pep\Documents\workspace\guiabcn\recursos\fancybox\fancy_shadow_se.png --> ftp.elazos.com /public_html/guiabcn/recursos/fancybox fancy_shadow_se.png
111.06.10 02:30 B C:\Users\pep\Documents\workspace\guiabcn\recursos\fancybox\fancy_shadow_sw.png --> ftp.elazos.com /public_html/guiabcn/recursos/fancybox fancy_shadow_sw.png
111.06.10 02:30 B C:\Users\pep\Documents\workspace\guiabcn\recursos\fancybox\fancy_shadow_w.png --> ftp.elazos.com /public_html/guiabcn/recursos/fancybox fancy_shadow_w.png
111.06.10 02:30 B C:\Users\pep\Documents\workspace\guiabcn\recursos\fancybox\fancy_title_left.png --> ftp.elazos.com /public_html/guiabcn/recursos/fancybox fancy_title_left.png
111.06.10 02:30 B C:\Users\pep\Documents\workspace\guiabcn\recursos\fancybox\fancy_title_main.png --> ftp.elazos.com /public_html/guiabcn/recursos/fancybox fancy_title_main.png
111.06.10 02:30 B C:\Users\pep\Documents\workspace\guiabcn\recursos\fancybox\fancy_title_over.png --> ftp.elazos.com /public_html/guiabcn/recursos/fancybox fancy_title_over.png
111.06.10 02:30 B C:\Users\pep\Documents\workspace\guiabcn\recursos\fancybox\fancy_title_right.png --> ftp.elazos.com /public_html/guiabcn/recursos/fancybox fancy_title_right.png
111.06.10 02:30 B C:\Users\pep\Documents\workspace\guiabcn\recursos\fancybox\jquery.fancybox-1.3.0.css --> ftp.elazos.com /public_html/guiabcn/recursos/fancybox jquery.fancybox-1.3.0.css
111.06.10 02:30 B C:\Users\pep\Documents\workspace\guiabcn\recursos\fancybox\jquery.fancybox-1.3.0.js --> ftp.elazos.com /public_html/guiabcn/recursos/fancybox jquery.fancybox-1.3.0.js
