111.06.08 10:11 B C:\Users\pep\Documents\workspace\guiabcn\css\smoothness\images\ui-bg_flat_0_aaaaaa_40x100.png --> ftp.elazos.com /public_html/guiabcn/css/smoothness/images ui-bg_flat_0_aaaaaa_40x100.png
111.06.08 10:11 B C:\Users\pep\Documents\workspace\guiabcn\css\smoothness\images\ui-bg_flat_75_ffffff_40x100.png --> ftp.elazos.com /public_html/guiabcn/css/smoothness/images ui-bg_flat_75_ffffff_40x100.png
111.06.08 10:11 B C:\Users\pep\Documents\workspace\guiabcn\css\smoothness\images\ui-bg_glass_55_fbf9ee_1x400.png --> ftp.elazos.com /public_html/guiabcn/css/smoothness/images ui-bg_glass_55_fbf9ee_1x400.png
111.06.08 10:11 B C:\Users\pep\Documents\workspace\guiabcn\css\smoothness\images\ui-bg_glass_65_ffffff_1x400.png --> ftp.elazos.com /public_html/guiabcn/css/smoothness/images ui-bg_glass_65_ffffff_1x400.png
111.06.08 10:11 B C:\Users\pep\Documents\workspace\guiabcn\css\smoothness\images\ui-bg_glass_75_dadada_1x400.png --> ftp.elazos.com /public_html/guiabcn/css/smoothness/images ui-bg_glass_75_dadada_1x400.png
111.06.08 10:12 B C:\Users\pep\Documents\workspace\guiabcn\css\smoothness\images\ui-bg_glass_75_e6e6e6_1x400.png --> ftp.elazos.com /public_html/guiabcn/css/smoothness/images ui-bg_glass_75_e6e6e6_1x400.png
111.06.08 10:12 B C:\Users\pep\Documents\workspace\guiabcn\css\smoothness\images\ui-bg_glass_95_fef1ec_1x400.png --> ftp.elazos.com /public_html/guiabcn/css/smoothness/images ui-bg_glass_95_fef1ec_1x400.png
111.06.08 10:12 B C:\Users\pep\Documents\workspace\guiabcn\css\smoothness\images\ui-bg_highlight-soft_75_cccccc_1x100.png --> ftp.elazos.com /public_html/guiabcn/css/smoothness/images ui-bg_highlight-soft_75_cccccc_1x100.png
111.06.08 10:12 B C:\Users\pep\Documents\workspace\guiabcn\css\smoothness\images\ui-icons_222222_256x240.png --> ftp.elazos.com /public_html/guiabcn/css/smoothness/images ui-icons_222222_256x240.png
111.06.08 10:12 B C:\Users\pep\Documents\workspace\guiabcn\css\smoothness\images\ui-icons_2e83ff_256x240.png --> ftp.elazos.com /public_html/guiabcn/css/smoothness/images ui-icons_2e83ff_256x240.png
111.06.08 10:12 B C:\Users\pep\Documents\workspace\guiabcn\css\smoothness\images\ui-icons_454545_256x240.png --> ftp.elazos.com /public_html/guiabcn/css/smoothness/images ui-icons_454545_256x240.png
111.06.08 10:12 B C:\Users\pep\Documents\workspace\guiabcn\css\smoothness\images\ui-icons_888888_256x240.png --> ftp.elazos.com /public_html/guiabcn/css/smoothness/images ui-icons_888888_256x240.png
111.06.08 10:12 B C:\Users\pep\Documents\workspace\guiabcn\css\smoothness\images\ui-icons_cd0a0a_256x240.png --> ftp.elazos.com /public_html/guiabcn/css/smoothness/images ui-icons_cd0a0a_256x240.png
111.06.08 10:53 B C:\Users\pep\Documents\workspace\guiabcn\css\smoothness\images\ui-bg_flat_0_aaaaaa_40x100.png --> ftp.elazos.com /public_html/guiabcn/css/smoothness/images ui-bg_flat_0_aaaaaa_40x100.png
111.06.08 10:53 B C:\Users\pep\Documents\workspace\guiabcn\css\smoothness\images\ui-bg_flat_75_ffffff_40x100.png --> ftp.elazos.com /public_html/guiabcn/css/smoothness/images ui-bg_flat_75_ffffff_40x100.png
111.06.08 10:53 B C:\Users\pep\Documents\workspace\guiabcn\css\smoothness\images\ui-bg_glass_55_fbf9ee_1x400.png --> ftp.elazos.com /public_html/guiabcn/css/smoothness/images ui-bg_glass_55_fbf9ee_1x400.png
111.06.08 10:53 B C:\Users\pep\Documents\workspace\guiabcn\css\smoothness\images\ui-bg_glass_65_ffffff_1x400.png --> ftp.elazos.com /public_html/guiabcn/css/smoothness/images ui-bg_glass_65_ffffff_1x400.png
111.06.08 10:53 B C:\Users\pep\Documents\workspace\guiabcn\css\smoothness\images\ui-bg_glass_75_dadada_1x400.png --> ftp.elazos.com /public_html/guiabcn/css/smoothness/images ui-bg_glass_75_dadada_1x400.png
111.06.08 10:53 B C:\Users\pep\Documents\workspace\guiabcn\css\smoothness\images\ui-bg_glass_75_e6e6e6_1x400.png --> ftp.elazos.com /public_html/guiabcn/css/smoothness/images ui-bg_glass_75_e6e6e6_1x400.png
111.06.08 10:53 B C:\Users\pep\Documents\workspace\guiabcn\css\smoothness\images\ui-bg_glass_95_fef1ec_1x400.png --> ftp.elazos.com /public_html/guiabcn/css/smoothness/images ui-bg_glass_95_fef1ec_1x400.png
111.06.08 10:53 B C:\Users\pep\Documents\workspace\guiabcn\css\smoothness\images\ui-bg_highlight-soft_75_cccccc_1x100.png --> ftp.elazos.com /public_html/guiabcn/css/smoothness/images ui-bg_highlight-soft_75_cccccc_1x100.png
111.06.08 10:53 B C:\Users\pep\Documents\workspace\guiabcn\css\smoothness\images\ui-icons_222222_256x240.png --> ftp.elazos.com /public_html/guiabcn/css/smoothness/images ui-icons_222222_256x240.png
111.06.08 10:53 B C:\Users\pep\Documents\workspace\guiabcn\css\smoothness\images\ui-icons_2e83ff_256x240.png --> ftp.elazos.com /public_html/guiabcn/css/smoothness/images ui-icons_2e83ff_256x240.png
111.06.08 10:53 B C:\Users\pep\Documents\workspace\guiabcn\css\smoothness\images\ui-icons_454545_256x240.png --> ftp.elazos.com /public_html/guiabcn/css/smoothness/images ui-icons_454545_256x240.png
111.06.08 10:54 B C:\Users\pep\Documents\workspace\guiabcn\css\smoothness\images\ui-bg_flat_0_aaaaaa_40x100.png --> ftp.elazos.com /public_html/guiabcn/css/smoothness/images ui-bg_flat_0_aaaaaa_40x100.png
111.06.08 10:54 B C:\Users\pep\Documents\workspace\guiabcn\css\smoothness\images\ui-bg_flat_75_ffffff_40x100.png --> ftp.elazos.com /public_html/guiabcn/css/smoothness/images ui-bg_flat_75_ffffff_40x100.png
111.06.08 10:54 B C:\Users\pep\Documents\workspace\guiabcn\css\smoothness\images\ui-bg_glass_55_fbf9ee_1x400.png --> ftp.elazos.com /public_html/guiabcn/css/smoothness/images ui-bg_glass_55_fbf9ee_1x400.png
111.06.08 10:54 B C:\Users\pep\Documents\workspace\guiabcn\css\smoothness\images\ui-bg_glass_65_ffffff_1x400.png --> ftp.elazos.com /public_html/guiabcn/css/smoothness/images ui-bg_glass_65_ffffff_1x400.png
111.06.08 10:54 B C:\Users\pep\Documents\workspace\guiabcn\css\smoothness\images\ui-bg_glass_75_dadada_1x400.png --> ftp.elazos.com /public_html/guiabcn/css/smoothness/images ui-bg_glass_75_dadada_1x400.png
111.06.08 10:54 B C:\Users\pep\Documents\workspace\guiabcn\css\smoothness\images\ui-bg_glass_75_e6e6e6_1x400.png --> ftp.elazos.com /public_html/guiabcn/css/smoothness/images ui-bg_glass_75_e6e6e6_1x400.png
111.06.08 10:54 B C:\Users\pep\Documents\workspace\guiabcn\css\smoothness\images\ui-bg_glass_95_fef1ec_1x400.png --> ftp.elazos.com /public_html/guiabcn/css/smoothness/images ui-bg_glass_95_fef1ec_1x400.png
111.06.08 10:54 B C:\Users\pep\Documents\workspace\guiabcn\css\smoothness\images\ui-bg_highlight-soft_75_cccccc_1x100.png --> ftp.elazos.com /public_html/guiabcn/css/smoothness/images ui-bg_highlight-soft_75_cccccc_1x100.png
111.06.08 10:54 B C:\Users\pep\Documents\workspace\guiabcn\css\smoothness\images\ui-icons_222222_256x240.png --> ftp.elazos.com /public_html/guiabcn/css/smoothness/images ui-icons_222222_256x240.png
111.06.08 10:54 B C:\Users\pep\Documents\workspace\guiabcn\css\smoothness\images\ui-icons_2e83ff_256x240.png --> ftp.elazos.com /public_html/guiabcn/css/smoothness/images ui-icons_2e83ff_256x240.png
111.06.08 10:54 B C:\Users\pep\Documents\workspace\guiabcn\css\smoothness\images\ui-icons_454545_256x240.png --> ftp.elazos.com /public_html/guiabcn/css/smoothness/images ui-icons_454545_256x240.png
111.06.08 10:54 B C:\Users\pep\Documents\workspace\guiabcn\css\smoothness\images\ui-icons_888888_256x240.png --> ftp.elazos.com /public_html/guiabcn/css/smoothness/images ui-icons_888888_256x240.png
111.06.08 10:54 B C:\Users\pep\Documents\workspace\guiabcn\css\smoothness\images\ui-icons_cd0a0a_256x240.png --> ftp.elazos.com /public_html/guiabcn/css/smoothness/images ui-icons_cd0a0a_256x240.png
111.06.08 10:54 B C:\Users\pep\Documents\workspace\guiabcn\css\smoothness\images\WS_FTP.LOG --> ftp.elazos.com /public_html/guiabcn/css/smoothness/images WS_FTP.LOG
